
state 0
	$accept: .flow $end 

	RUN  shift 5
	FLOW  shift 6
	DEFINE  shift 4
	.  error

	flow  goto 1
	stmt  goto 3
	stmt_list  goto 2

state 1
	$accept:  flow.$end 

	$end  accept
	.  error


state 2
	flow:  stmt_list.    (1)
	stmt_list:  stmt_list.stmt ';' 

	RUN  shift 5
	FLOW  shift 6
	DEFINE  shift 4
	.  reduce 1 (src line 111)

	stmt  goto 7

state 3
	stmt_list:  stmt.';' 

	';'  shift 8
	.  error


state 4
	stmt:  DEFINE.yy_SET name AS set 
	stmt:  DEFINE.TUPLE name AS set 
	stmt:  DEFINE.COMMAND name AS set 
	stmt:  DEFINE.COMMAND name '.' TUPLE_REF AS set 

	yy_SET  shift 9
	COMMAND  shift 11
	TUPLE  shift 10
	.  error


state 5
	stmt:  RUN.name 
	stmt:  RUN.COMMAND_REF '(' arg_list ')' qualification 

	COMMAND_REF  shift 13
	TUPLE_REF  shift 15
	NAME  shift 14
	.  error

	name  goto 12

state 6
	stmt:  FLOW.name 
	stmt:  FLOW.COMMAND_REF '(' ')' 

	COMMAND_REF  shift 17
	TUPLE_REF  shift 15
	NAME  shift 14
	.  error

	name  goto 16

state 7
	stmt_list:  stmt_list stmt.';' 

	';'  shift 18
	.  error


state 8
	stmt_list:  stmt ';'.    (58)

	.  reduce 58 (src line 586)


state 9
	stmt:  DEFINE yy_SET.name AS set 

	COMMAND_REF  shift 20
	TUPLE_REF  shift 15
	NAME  shift 14
	.  error

	name  goto 19

state 10
	stmt:  DEFINE TUPLE.name AS set 

	COMMAND_REF  shift 20
	TUPLE_REF  shift 15
	NAME  shift 14
	.  error

	name  goto 21

state 11
	stmt:  DEFINE COMMAND.name AS set 
	stmt:  DEFINE COMMAND.name '.' TUPLE_REF AS set 

	COMMAND_REF  shift 20
	TUPLE_REF  shift 15
	NAME  shift 14
	.  error

	name  goto 22

state 12
	stmt:  RUN name.    (54)

	.  reduce 54 (src line 546)


state 13
	name:  COMMAND_REF.    (35)
	stmt:  RUN COMMAND_REF.'(' arg_list ')' qualification 

	'('  shift 23
	.  reduce 35 (src line 366)


state 14
	name:  NAME.    (34)

	.  reduce 34 (src line 358)


state 15
	name:  TUPLE_REF.    (36)

	.  reduce 36 (src line 372)


state 16
	stmt:  FLOW name.    (55)

	.  reduce 55 (src line 555)


state 17
	name:  COMMAND_REF.    (35)
	stmt:  FLOW COMMAND_REF.'(' ')' 

	'('  shift 24
	.  reduce 35 (src line 366)


state 18
	stmt_list:  stmt_list stmt ';'.    (59)

	.  reduce 59 (src line 591)


state 19
	stmt:  DEFINE yy_SET name.AS set 

	AS  shift 25
	.  error


state 20
	name:  COMMAND_REF.    (35)

	.  reduce 35 (src line 366)


state 21
	stmt:  DEFINE TUPLE name.AS set 

	AS  shift 26
	.  error


state 22
	stmt:  DEFINE COMMAND name.AS set 
	stmt:  DEFINE COMMAND name.'.' TUPLE_REF AS set 

	AS  shift 27
	'.'  shift 28
	.  error


state 23
	stmt:  RUN COMMAND_REF '('.arg_list ')' qualification 
	arg_list: .    (60)

	FLOQ  shift 33
	COMMAND_REF  shift 32
	EXPAND_ENV  shift 41
	UINT64  shift 36
	STRING  shift 40
	yy_TRUE  shift 38
	yy_FALSE  shift 39
	NOT  shift 34
	'('  shift 35
	.  reduce 60 (src line 598)

	string  goto 37
	arg_list  goto 29
	constant  goto 31
	expr  goto 30

state 24
	stmt:  FLOW COMMAND_REF '('.')' 

	')'  shift 42
	.  error


state 25
	stmt:  DEFINE yy_SET name AS.set 

	'{'  shift 44
	.  error

	set  goto 43

state 26
	stmt:  DEFINE TUPLE name AS.set 

	'{'  shift 44
	.  error

	set  goto 45

state 27
	stmt:  DEFINE COMMAND name AS.set 

	'{'  shift 44
	.  error

	set  goto 46

state 28
	stmt:  DEFINE COMMAND name '.'.TUPLE_REF AS set 

	TUPLE_REF  shift 47
	.  error


state 29
	stmt:  RUN COMMAND_REF '(' arg_list.')' qualification 
	arg_list:  arg_list.',' expr 

	')'  shift 48
	','  shift 49
	.  error


state 30
	expr:  expr.CAST yy_STRING 
	expr:  expr.yy_AND expr 
	expr:  expr.yy_OR expr 
	expr:  expr.LT expr 
	expr:  expr.LTE expr 
	expr:  expr.EQ expr 
	expr:  expr.NEQ expr 
	expr:  expr.GTE expr 
	expr:  expr.GT expr 
	expr:  expr.MATCH expr 
	expr:  expr.NOMATCH expr 
	expr:  expr.CONCAT expr 
	expr:  expr.yy_IS yy_NULL 
	expr:  expr.yy_IS NOT yy_NULL 
	arg_list:  expr.    (61)

	yy_AND  shift 51
	yy_OR  shift 52
	CAST  shift 50
	EQ  shift 55
	NEQ  shift 56
	GT  shift 58
	GTE  shift 57
	LT  shift 53
	LTE  shift 54
	MATCH  shift 59
	NOMATCH  shift 60
	CONCAT  shift 61
	yy_IS  shift 62
	.  reduce 61 (src line 603)


state 31
	expr:  constant.    (8)

	.  reduce 8 (src line 160)


state 32
	expr:  COMMAND_REF.'$' $$10 name 
	expr:  COMMAND_REF.'.' $$14 name 
	expr:  COMMAND_REF.'[' UINT64 ']' 

	'$'  shift 63
	'.'  shift 64
	'['  shift 65
	.  error


state 33
	expr:  FLOQ.'$' $$12 name 

	'$'  shift 66
	.  error


state 34
	expr:  NOT.expr 

	FLOQ  shift 33
	COMMAND_REF  shift 32
	EXPAND_ENV  shift 41
	UINT64  shift 36
	STRING  shift 40
	yy_TRUE  shift 38
	yy_FALSE  shift 39
	NOT  shift 34
	'('  shift 35
	.  error

	string  goto 37
	constant  goto 31
	expr  goto 67

state 35
	expr:  '('.expr ')' 

	FLOQ  shift 33
	COMMAND_REF  shift 32
	EXPAND_ENV  shift 41
	UINT64  shift 36
	STRING  shift 40
	yy_TRUE  shift 38
	yy_FALSE  shift 39
	NOT  shift 34
	'('  shift 35
	.  error

	string  goto 37
	constant  goto 31
	expr  goto 68

state 36
	constant:  UINT64.    (4)

	.  reduce 4 (src line 134)


state 37
	constant:  string.    (5)

	.  reduce 5 (src line 140)


state 38
	constant:  yy_TRUE.    (6)

	.  reduce 6 (src line 142)


state 39
	constant:  yy_FALSE.    (7)

	.  reduce 7 (src line 150)


state 40
	string:  STRING.    (2)

	.  reduce 2 (src line 120)


state 41
	string:  EXPAND_ENV.string 

	EXPAND_ENV  shift 41
	STRING  shift 40
	.  error

	string  goto 69

state 42
	stmt:  FLOW COMMAND_REF '(' ')'.    (57)

	.  reduce 57 (src line 574)


state 43
	stmt:  DEFINE yy_SET name AS set.    (50)

	.  reduce 50 (src line 469)


state 44
	set:  '{'.$$48 element_list '}' 
	$$48: .    (48)

	.  reduce 48 (src line 456)

	$$48  goto 70

state 45
	stmt:  DEFINE TUPLE name AS set.    (51)

	.  reduce 51 (src line 478)


state 46
	stmt:  DEFINE COMMAND name AS set.    (52)

	.  reduce 52 (src line 499)


state 47
	stmt:  DEFINE COMMAND name '.' TUPLE_REF.AS set 

	AS  shift 71
	.  error


state 48
	stmt:  RUN COMMAND_REF '(' arg_list ')'.qualification 
	qualification: .    (32)

	WHEN  shift 73
	.  reduce 32 (src line 339)

	qualification  goto 72

state 49
	arg_list:  arg_list ','.expr 

	FLOQ  shift 33
	COMMAND_REF  shift 32
	EXPAND_ENV  shift 41
	UINT64  shift 36
	STRING  shift 40
	yy_TRUE  shift 38
	yy_FALSE  shift 39
	NOT  shift 34
	'('  shift 35
	.  error

	string  goto 37
	constant  goto 31
	expr  goto 74

state 50
	expr:  expr CAST.yy_STRING 

	yy_STRING  shift 75
	.  error


state 51
	expr:  expr yy_AND.expr 

	FLOQ  shift 33
	COMMAND_REF  shift 32
	EXPAND_ENV  shift 41
	UINT64  shift 36
	STRING  shift 40
	yy_TRUE  shift 38
	yy_FALSE  shift 39
	NOT  shift 34
	'('  shift 35
	.  error

	string  goto 37
	constant  goto 31
	expr  goto 76

state 52
	expr:  expr yy_OR.expr 

	FLOQ  shift 33
	COMMAND_REF  shift 32
	EXPAND_ENV  shift 41
	UINT64  shift 36
	STRING  shift 40
	yy_TRUE  shift 38
	yy_FALSE  shift 39
	NOT  shift 34
	'('  shift 35
	.  error

	string  goto 37
	constant  goto 31
	expr  goto 77

state 53
	expr:  expr LT.expr 

	FLOQ  shift 33
	COMMAND_REF  shift 32
	EXPAND_ENV  shift 41
	UINT64  shift 36
	STRING  shift 40
	yy_TRUE  shift 38
	yy_FALSE  shift 39
	NOT  shift 34
	'('  shift 35
	.  error

	string  goto 37
	constant  goto 31
	expr  goto 78

state 54
	expr:  expr LTE.expr 

	FLOQ  shift 33
	COMMAND_REF  shift 32
	EXPAND_ENV  shift 41
	UINT64  shift 36
	STRING  shift 40
	yy_TRUE  shift 38
	yy_FALSE  shift 39
	NOT  shift 34
	'('  shift 35
	.  error

	string  goto 37
	constant  goto 31
	expr  goto 79

state 55
	expr:  expr EQ.expr 

	FLOQ  shift 33
	COMMAND_REF  shift 32
	EXPAND_ENV  shift 41
	UINT64  shift 36
	STRING  shift 40
	yy_TRUE  shift 38
	yy_FALSE  shift 39
	NOT  shift 34
	'('  shift 35
	.  error

	string  goto 37
	constant  goto 31
	expr  goto 80

state 56
	expr:  expr NEQ.expr 

	FLOQ  shift 33
	COMMAND_REF  shift 32
	EXPAND_ENV  shift 41
	UINT64  shift 36
	STRING  shift 40
	yy_TRUE  shift 38
	yy_FALSE  shift 39
	NOT  shift 34
	'('  shift 35
	.  error

	string  goto 37
	constant  goto 31
	expr  goto 81

state 57
	expr:  expr GTE.expr 

	FLOQ  shift 33
	COMMAND_REF  shift 32
	EXPAND_ENV  shift 41
	UINT64  shift 36
	STRING  shift 40
	yy_TRUE  shift 38
	yy_FALSE  shift 39
	NOT  shift 34
	'('  shift 35
	.  error

	string  goto 37
	constant  goto 31
	expr  goto 82

state 58
	expr:  expr GT.expr 

	FLOQ  shift 33
	COMMAND_REF  shift 32
	EXPAND_ENV  shift 41
	UINT64  shift 36
	STRING  shift 40
	yy_TRUE  shift 38
	yy_FALSE  shift 39
	NOT  shift 34
	'('  shift 35
	.  error

	string  goto 37
	constant  goto 31
	expr  goto 83

state 59
	expr:  expr MATCH.expr 

	FLOQ  shift 33
	COMMAND_REF  shift 32
	EXPAND_ENV  shift 41
	UINT64  shift 36
	STRING  shift 40
	yy_TRUE  shift 38
	yy_FALSE  shift 39
	NOT  shift 34
	'('  shift 35
	.  error

	string  goto 37
	constant  goto 31
	expr  goto 84

state 60
	expr:  expr NOMATCH.expr 

	FLOQ  shift 33
	COMMAND_REF  shift 32
	EXPAND_ENV  shift 41
	UINT64  shift 36
	STRING  shift 40
	yy_TRUE  shift 38
	yy_FALSE  shift 39
	NOT  shift 34
	'('  shift 35
	.  error

	string  goto 37
	constant  goto 31
	expr  goto 85

state 61
	expr:  expr CONCAT.expr 

	FLOQ  shift 33
	COMMAND_REF  shift 32
	EXPAND_ENV  shift 41
	UINT64  shift 36
	STRING  shift 40
	yy_TRUE  shift 38
	yy_FALSE  shift 39
	NOT  shift 34
	'('  shift 35
	.  error

	string  goto 37
	constant  goto 31
	expr  goto 86

state 62
	expr:  expr yy_IS.yy_NULL 
	expr:  expr yy_IS.NOT yy_NULL 

	NOT  shift 88
	yy_NULL  shift 87
	.  error


state 63
	expr:  COMMAND_REF '$'.$$10 name 
	$$10: .    (10)

	.  reduce 10 (src line 171)

	$$10  goto 89

state 64
	expr:  COMMAND_REF '.'.$$14 name 
	$$14: .    (14)

	.  reduce 14 (src line 197)

	$$14  goto 90

state 65
	expr:  COMMAND_REF '['.UINT64 ']' 

	UINT64  shift 91
	.  error


state 66
	expr:  FLOQ '$'.$$12 name 
	$$12: .    (12)

	.  reduce 12 (src line 183)

	$$12  goto 92

state 67
	expr:  expr.CAST yy_STRING 
	expr:  expr.yy_AND expr 
	expr:  expr.yy_OR expr 
	expr:  expr.LT expr 
	expr:  expr.LTE expr 
	expr:  expr.EQ expr 
	expr:  expr.NEQ expr 
	expr:  expr.GTE expr 
	expr:  expr.GT expr 
	expr:  expr.MATCH expr 
	expr:  expr.NOMATCH expr 
	expr:  expr.CONCAT expr 
	expr:  NOT expr.    (28)
	expr:  expr.yy_IS yy_NULL 
	expr:  expr.yy_IS NOT yy_NULL 

	CAST  shift 50
	yy_IS  shift 62
	.  reduce 28 (src line 308)


state 68
	expr:  expr.CAST yy_STRING 
	expr:  expr.yy_AND expr 
	expr:  expr.yy_OR expr 
	expr:  expr.LT expr 
	expr:  expr.LTE expr 
	expr:  expr.EQ expr 
	expr:  expr.NEQ expr 
	expr:  expr.GTE expr 
	expr:  expr.GT expr 
	expr:  expr.MATCH expr 
	expr:  expr.NOMATCH expr 
	expr:  expr.CONCAT expr 
	expr:  expr.yy_IS yy_NULL 
	expr:  expr.yy_IS NOT yy_NULL 
	expr:  '(' expr.')' 

	yy_AND  shift 51
	yy_OR  shift 52
	CAST  shift 50
	EQ  shift 55
	NEQ  shift 56
	GT  shift 58
	GTE  shift 57
	LT  shift 53
	LTE  shift 54
	MATCH  shift 59
	NOMATCH  shift 60
	CONCAT  shift 61
	yy_IS  shift 62
	')'  shift 93
	.  error


state 69
	string:  EXPAND_ENV string.    (3)

	.  reduce 3 (src line 126)


state 70
	set:  '{' $$48.element_list '}' 

	COMMAND_REF  shift 20
	TUPLE_REF  shift 15
	NAME  shift 14
	.  error

	name  goto 96
	element  goto 95
	element_list  goto 94

state 71
	stmt:  DEFINE COMMAND name '.' TUPLE_REF AS.set 

	'{'  shift 44
	.  error

	set  goto 97

state 72
	stmt:  RUN COMMAND_REF '(' arg_list ')' qualification.    (56)

	.  reduce 56 (src line 564)


state 73
	qualification:  WHEN.expr 

	FLOQ  shift 33
	COMMAND_REF  shift 32
	EXPAND_ENV  shift 41
	UINT64  shift 36
	STRING  shift 40
	yy_TRUE  shift 38
	yy_FALSE  shift 39
	NOT  shift 34
	'('  shift 35
	.  error

	string  goto 37
	constant  goto 31
	expr  goto 98

state 74
	expr:  expr.CAST yy_STRING 
	expr:  expr.yy_AND expr 
	expr:  expr.yy_OR expr 
	expr:  expr.LT expr 
	expr:  expr.LTE expr 
	expr:  expr.EQ expr 
	expr:  expr.NEQ expr 
	expr:  expr.GTE expr 
	expr:  expr.GT expr 
	expr:  expr.MATCH expr 
	expr:  expr.NOMATCH expr 
	expr:  expr.CONCAT expr 
	expr:  expr.yy_IS yy_NULL 
	expr:  expr.yy_IS NOT yy_NULL 
	arg_list:  arg_list ',' expr.    (62)

	yy_AND  shift 51
	yy_OR  shift 52
	CAST  shift 50
	EQ  shift 55
	NEQ  shift 56
	GT  shift 58
	GTE  shift 57
	LT  shift 53
	LTE  shift 54
	MATCH  shift 59
	NOMATCH  shift 60
	CONCAT  shift 61
	yy_IS  shift 62
	.  reduce 62 (src line 608)


state 75
	expr:  expr CAST yy_STRING.    (9)

	.  reduce 9 (src line 162)


state 76
	expr:  expr.CAST yy_STRING 
	expr:  expr.yy_AND expr 
	expr:  expr yy_AND expr.    (17)
	expr:  expr.yy_OR expr 
	expr:  expr.LT expr 
	expr:  expr.LTE expr 
	expr:  expr.EQ expr 
	expr:  expr.NEQ expr 
	expr:  expr.GTE expr 
	expr:  expr.GT expr 
	expr:  expr.MATCH expr 
	expr:  expr.NOMATCH expr 
	expr:  expr.CONCAT expr 
	expr:  expr.yy_IS yy_NULL 
	expr:  expr.yy_IS NOT yy_NULL 

	CAST  shift 50
	EQ  shift 55
	NEQ  shift 56
	GT  shift 58
	GTE  shift 57
	LT  shift 53
	LTE  shift 54
	MATCH  shift 59
	NOMATCH  shift 60
	CONCAT  shift 61
	yy_IS  shift 62
	.  reduce 17 (src line 220)


state 77
	expr:  expr.CAST yy_STRING 
	expr:  expr.yy_AND expr 
	expr:  expr.yy_OR expr 
	expr:  expr yy_OR expr.    (18)
	expr:  expr.LT expr 
	expr:  expr.LTE expr 
	expr:  expr.EQ expr 
	expr:  expr.NEQ expr 
	expr:  expr.GTE expr 
	expr:  expr.GT expr 
	expr:  expr.MATCH expr 
	expr:  expr.NOMATCH expr 
	expr:  expr.CONCAT expr 
	expr:  expr.yy_IS yy_NULL 
	expr:  expr.yy_IS NOT yy_NULL 

	CAST  shift 50
	EQ  shift 55
	NEQ  shift 56
	GT  shift 58
	GTE  shift 57
	LT  shift 53
	LTE  shift 54
	MATCH  shift 59
	NOMATCH  shift 60
	CONCAT  shift 61
	yy_IS  shift 62
	.  reduce 18 (src line 228)


state 78
	expr:  expr.CAST yy_STRING 
	expr:  expr.yy_AND expr 
	expr:  expr.yy_OR expr 
	expr:  expr.LT expr 
	expr:  expr LT expr.    (19)
	expr:  expr.LTE expr 
	expr:  expr.EQ expr 
	expr:  expr.NEQ expr 
	expr:  expr.GTE expr 
	expr:  expr.GT expr 
	expr:  expr.MATCH expr 
	expr:  expr.NOMATCH expr 
	expr:  expr.CONCAT expr 
	expr:  expr.yy_IS yy_NULL 
	expr:  expr.yy_IS NOT yy_NULL 

	CAST  shift 50
	CONCAT  shift 61
	yy_IS  shift 62
	.  reduce 19 (src line 236)


state 79
	expr:  expr.CAST yy_STRING 
	expr:  expr.yy_AND expr 
	expr:  expr.yy_OR expr 
	expr:  expr.LT expr 
	expr:  expr.LTE expr 
	expr:  expr LTE expr.    (20)
	expr:  expr.EQ expr 
	expr:  expr.NEQ expr 
	expr:  expr.GTE expr 
	expr:  expr.GT expr 
	expr:  expr.MATCH expr 
	expr:  expr.NOMATCH expr 
	expr:  expr.CONCAT expr 
	expr:  expr.yy_IS yy_NULL 
	expr:  expr.yy_IS NOT yy_NULL 

	CAST  shift 50
	CONCAT  shift 61
	yy_IS  shift 62
	.  reduce 20 (src line 244)


state 80
	expr:  expr.CAST yy_STRING 
	expr:  expr.yy_AND expr 
	expr:  expr.yy_OR expr 
	expr:  expr.LT expr 
	expr:  expr.LTE expr 
	expr:  expr.EQ expr 
	expr:  expr EQ expr.    (21)
	expr:  expr.NEQ expr 
	expr:  expr.GTE expr 
	expr:  expr.GT expr 
	expr:  expr.MATCH expr 
	expr:  expr.NOMATCH expr 
	expr:  expr.CONCAT expr 
	expr:  expr.yy_IS yy_NULL 
	expr:  expr.yy_IS NOT yy_NULL 

	CAST  shift 50
	CONCAT  shift 61
	yy_IS  shift 62
	.  reduce 21 (src line 252)


state 81
	expr:  expr.CAST yy_STRING 
	expr:  expr.yy_AND expr 
	expr:  expr.yy_OR expr 
	expr:  expr.LT expr 
	expr:  expr.LTE expr 
	expr:  expr.EQ expr 
	expr:  expr.NEQ expr 
	expr:  expr NEQ expr.    (22)
	expr:  expr.GTE expr 
	expr:  expr.GT expr 
	expr:  expr.MATCH expr 
	expr:  expr.NOMATCH expr 
	expr:  expr.CONCAT expr 
	expr:  expr.yy_IS yy_NULL 
	expr:  expr.yy_IS NOT yy_NULL 

	CAST  shift 50
	CONCAT  shift 61
	yy_IS  shift 62
	.  reduce 22 (src line 260)


state 82
	expr:  expr.CAST yy_STRING 
	expr:  expr.yy_AND expr 
	expr:  expr.yy_OR expr 
	expr:  expr.LT expr 
	expr:  expr.LTE expr 
	expr:  expr.EQ expr 
	expr:  expr.NEQ expr 
	expr:  expr.GTE expr 
	expr:  expr GTE expr.    (23)
	expr:  expr.GT expr 
	expr:  expr.MATCH expr 
	expr:  expr.NOMATCH expr 
	expr:  expr.CONCAT expr 
	expr:  expr.yy_IS yy_NULL 
	expr:  expr.yy_IS NOT yy_NULL 

	CAST  shift 50
	CONCAT  shift 61
	yy_IS  shift 62
	.  reduce 23 (src line 268)


state 83
	expr:  expr.CAST yy_STRING 
	expr:  expr.yy_AND expr 
	expr:  expr.yy_OR expr 
	expr:  expr.LT expr 
	expr:  expr.LTE expr 
	expr:  expr.EQ expr 
	expr:  expr.NEQ expr 
	expr:  expr.GTE expr 
	expr:  expr.GT expr 
	expr:  expr GT expr.    (24)
	expr:  expr.MATCH expr 
	expr:  expr.NOMATCH expr 
	expr:  expr.CONCAT expr 
	expr:  expr.yy_IS yy_NULL 
	expr:  expr.yy_IS NOT yy_NULL 

	CAST  shift 50
	CONCAT  shift 61
	yy_IS  shift 62
	.  reduce 24 (src line 276)


state 84
	expr:  expr.CAST yy_STRING 
	expr:  expr.yy_AND expr 
	expr:  expr.yy_OR expr 
	expr:  expr.LT expr 
	expr:  expr.LTE expr 
	expr:  expr.EQ expr 
	expr:  expr.NEQ expr 
	expr:  expr.GTE expr 
	expr:  expr.GT expr 
	expr:  expr.MATCH expr 
	expr:  expr MATCH expr.    (25)
	expr:  expr.NOMATCH expr 
	expr:  expr.CONCAT expr 
	expr:  expr.yy_IS yy_NULL 
	expr:  expr.yy_IS NOT yy_NULL 

	CAST  shift 50
	CONCAT  shift 61
	yy_IS  shift 62
	.  reduce 25 (src line 284)


state 85
	expr:  expr.CAST yy_STRING 
	expr:  expr.yy_AND expr 
	expr:  expr.yy_OR expr 
	expr:  expr.LT expr 
	expr:  expr.LTE expr 
	expr:  expr.EQ expr 
	expr:  expr.NEQ expr 
	expr:  expr.GTE expr 
	expr:  expr.GT expr 
	expr:  expr.MATCH expr 
	expr:  expr.NOMATCH expr 
	expr:  expr NOMATCH expr.    (26)
	expr:  expr.CONCAT expr 
	expr:  expr.yy_IS yy_NULL 
	expr:  expr.yy_IS NOT yy_NULL 

	CAST  shift 50
	CONCAT  shift 61
	yy_IS  shift 62
	.  reduce 26 (src line 292)


state 86
	expr:  expr.CAST yy_STRING 
	expr:  expr.yy_AND expr 
	expr:  expr.yy_OR expr 
	expr:  expr.LT expr 
	expr:  expr.LTE expr 
	expr:  expr.EQ expr 
	expr:  expr.NEQ expr 
	expr:  expr.GTE expr 
	expr:  expr.GT expr 
	expr:  expr.MATCH expr 
	expr:  expr.NOMATCH expr 
	expr:  expr.CONCAT expr 
	expr:  expr CONCAT expr.    (27)
	expr:  expr.yy_IS yy_NULL 
	expr:  expr.yy_IS NOT yy_NULL 

	CAST  shift 50
	yy_IS  shift 62
	.  reduce 27 (src line 300)


state 87
	expr:  expr yy_IS yy_NULL.    (29)

	.  reduce 29 (src line 316)


state 88
	expr:  expr yy_IS NOT.yy_NULL 

	yy_NULL  shift 99
	.  error


state 89
	expr:  COMMAND_REF '$' $$10.name 

	COMMAND_REF  shift 20
	TUPLE_REF  shift 15
	NAME  shift 14
	.  error

	name  goto 100

state 90
	expr:  COMMAND_REF '.' $$14.name 

	COMMAND_REF  shift 20
	TUPLE_REF  shift 15
	NAME  shift 14
	.  error

	name  goto 101

state 91
	expr:  COMMAND_REF '[' UINT64.']' 

	']'  shift 102
	.  error


state 92
	expr:  FLOQ '$' $$12.name 

	COMMAND_REF  shift 20
	TUPLE_REF  shift 15
	NAME  shift 14
	.  error

	name  goto 103

state 93
	expr:  '(' expr ')'.    (31)

	.  reduce 31 (src line 332)


state 94
	element_list:  element_list.',' element 
	set:  '{' $$48 element_list.'}' 

	','  shift 104
	'}'  shift 105
	.  error


state 95
	element_list:  element.    (41)

	.  reduce 41 (src line 402)


state 96
	element:  name.':' value 

	':'  shift 106
	.  error


state 97
	stmt:  DEFINE COMMAND name '.' TUPLE_REF AS set.    (53)

	.  reduce 53 (src line 522)


state 98
	expr:  expr.CAST yy_STRING 
	expr:  expr.yy_AND expr 
	expr:  expr.yy_OR expr 
	expr:  expr.LT expr 
	expr:  expr.LTE expr 
	expr:  expr.EQ expr 
	expr:  expr.NEQ expr 
	expr:  expr.GTE expr 
	expr:  expr.GT expr 
	expr:  expr.MATCH expr 
	expr:  expr.NOMATCH expr 
	expr:  expr.CONCAT expr 
	expr:  expr.yy_IS yy_NULL 
	expr:  expr.yy_IS NOT yy_NULL 
	qualification:  WHEN expr.    (33)

	yy_AND  shift 51
	yy_OR  shift 52
	CAST  shift 50
	EQ  shift 55
	NEQ  shift 56
	GT  shift 58
	GTE  shift 57
	LT  shift 53
	LTE  shift 54
	MATCH  shift 59
	NOMATCH  shift 60
	CONCAT  shift 61
	yy_IS  shift 62
	.  reduce 33 (src line 344)


state 99
	expr:  expr yy_IS NOT yy_NULL.    (30)

	.  reduce 30 (src line 324)


state 100
	expr:  COMMAND_REF '$' $$10 name.    (11)

	.  reduce 11 (src line 174)


state 101
	expr:  COMMAND_REF '.' $$14 name.    (15)

	.  reduce 15 (src line 200)


state 102
	expr:  COMMAND_REF '[' UINT64 ']'.    (16)

	.  reduce 16 (src line 209)


state 103
	expr:  FLOQ '$' $$12 name.    (13)

	.  reduce 13 (src line 186)


state 104
	element_list:  element_list ','.element 

	COMMAND_REF  shift 20
	TUPLE_REF  shift 15
	NAME  shift 14
	.  error

	name  goto 96
	element  goto 107

state 105
	set:  '{' $$48 element_list '}'.    (49)

	.  reduce 49 (src line 461)


state 106
	element:  name ':'.value 

	EXPAND_ENV  shift 41
	UINT64  shift 36
	STRING  shift 40
	yy_TRUE  shift 38
	yy_FALSE  shift 39
	'['  shift 112
	'{'  shift 44
	.  error

	string  goto 37
	set  goto 110
	array  goto 111
	constant  goto 109
	value  goto 108

state 107
	element_list:  element_list ',' element.    (42)

	.  reduce 42 (src line 408)


state 108
	element:  name ':' value.    (40)

	.  reduce 40 (src line 388)


state 109
	value:  constant.    (37)

	.  reduce 37 (src line 380)


state 110
	value:  set.    (38)

	.  reduce 38 (src line 382)


state 111
	value:  array.    (39)

	.  reduce 39 (src line 384)


state 112
	array:  '['.$$46 component_list ']' 
	$$46: .    (46)

	.  reduce 46 (src line 446)

	$$46  goto 113

state 113
	array:  '[' $$46.component_list ']' 
	component_list: .    (43)

	EXPAND_ENV  shift 41
	STRING  shift 40
	.  reduce 43 (src line 417)

	string  goto 115
	component_list  goto 114

state 114
	component_list:  component_list.',' string 
	array:  '[' $$46 component_list.']' 

	']'  shift 117
	','  shift 116
	.  error


state 115
	component_list:  string.    (44)

	.  reduce 44 (src line 422)


state 116
	component_list:  component_list ','.string 

	EXPAND_ENV  shift 41
	STRING  shift 40
	.  error

	string  goto 118

state 117
	array:  '[' $$46 component_list ']'.    (47)

	.  reduce 47 (src line 450)


state 118
	component_list:  component_list ',' string.    (45)

	.  reduce 45 (src line 433)


88 terminals, 21 nonterminals
63 grammar rules, 119/16000 states
0 shift/reduce, 0 reduce/reduce conflicts reported
70 working sets used
memory: parser 91/240000
63 extra closures
332 shift entries, 1 exceptions
53 goto entries
32 entries saved by goto default
Optimizer space used: output 171/240000
171 table entries, 12 zero
maximum spread: 88, maximum offset: 116
